c:\users\john-\desktop\c++\snail_game (updated)\snail_game\debug\vc141.pdb
c:\users\john-\desktop\c++\snail_game (updated)\snail_game\debug\vc141.idb
c:\users\john-\desktop\c++\snail_game (updated)\snail_game\debug\snail_game.obj
c:\users\john-\desktop\c++\snail_game (updated)\snail_game\debug\snail_class.obj
c:\users\john-\desktop\c++\snail_game (updated)\snail_game\debug\framework_class.obj
c:\users\john-\desktop\c++\snail_game (updated)\snail_game\debug\consumable.obj
c:\users\john-\desktop\c++\snail_game (updated)\snail_game\debug\water_consumable.obj
c:\users\john-\desktop\c++\snail_game (updated)\snail_game\debug\leaf_consumable.obj
c:\users\john-\desktop\c++\snail_game (updated)\snail_game\debug\cactus.obj
c:\users\john-\desktop\c++\snail_game (updated)\debug\snail_game.exe
c:\users\john-\desktop\c++\snail_game (updated)\debug\snail_game.ilk
c:\users\john-\desktop\c++\snail_game (updated)\debug\snail_game.pdb
c:\users\john-\desktop\c++\snail_game (updated)\snail_game\debug\vc142.idb
c:\users\john-\desktop\c++\snail_game (updated)\snail_game\debug\vc142.pdb
c:\users\john-\desktop\c++\snail_game (updated)\snail_game\debug\snail_game.tlog\cl.command.1.tlog
c:\users\john-\desktop\c++\snail_game (updated)\snail_game\debug\snail_game.tlog\cl.read.1.tlog
c:\users\john-\desktop\c++\snail_game (updated)\snail_game\debug\snail_game.tlog\cl.write.1.tlog
c:\users\john-\desktop\c++\snail_game (updated)\snail_game\debug\snail_game.tlog\link.command.1.tlog
c:\users\john-\desktop\c++\snail_game (updated)\snail_game\debug\snail_game.tlog\link.read.1.tlog
c:\users\john-\desktop\c++\snail_game (updated)\snail_game\debug\snail_game.tlog\link.write.1.tlog
